SF:lib/config/router/routes_config.dart
DA:7,0
DA:8,0
DA:10,0
DA:11,0
DA:12,0
DA:13,0
LF:6
LH:0
end_of_record
SF:lib/config/router/routes.dart
DA:6,0
DA:7,0
DA:10,0
DA:11,0
DA:12,0
DA:13,0
DA:16,0
DA:17,0
DA:18,0
DA:19,0
DA:20,0
DA:21,0
DA:22,0
DA:23,0
DA:24,0
DA:26,0
DA:33,0
DA:36,0
DA:37,0
DA:38,0
DA:39,0
DA:41,0
DA:42,0
DA:43,0
DA:45,0
LF:25
LH:0
end_of_record
SF:lib/config/theme/app_theme.dart
DA:4,0
LF:1
LH:0
end_of_record
SF:lib/config/theme/dimessions.dart
DA:11,0
LF:1
LH:0
end_of_record
SF:lib/core/network/network_info_impl.dart
DA:6,11
DA:7,6
DA:8,6
DA:10,6
DA:11,12
DA:12,4
DA:13,2
DA:14,2
LF:8
LH:8
end_of_record
SF:lib/core/network/network_info_provider.dart
DA:5,28
DA:6,7
DA:7,7
LF:3
LH:3
end_of_record
SF:lib/features/random_user/data/mapper/user_mapper.dart
DA:4,9
DA:5,18
DA:6,9
DA:9,1
DA:10,1
DA:11,1
DA:12,2
DA:13,2
DA:14,1
DA:15,1
DA:16,2
DA:17,1
DA:21,3
DA:22,3
DA:23,3
DA:24,6
DA:25,3
DA:26,3
DA:31,7
DA:32,7
DA:33,14
DA:34,7
DA:35,7
DA:36,14
DA:37,7
DA:38,14
DA:39,14
DA:43,9
DA:44,9
DA:45,9
DA:46,18
DA:47,18
DA:48,9
DA:49,18
DA:50,9
DA:51,9
LF:36
LH:36
end_of_record
SF:lib/features/random_user/data/datasources/remote/random_user_remote_data_source_impl.dart
DA:7,11
DA:9,3
DA:11,3
DA:12,6
DA:15,3
DA:18,6
LF:6
LH:6
end_of_record
SF:lib/features/random_user/data/datasources/remote/remote_datasource_provider.dart
DA:4,14
DA:5,7
DA:6,7
DA:7,7
LF:4
LH:4
end_of_record
SF:lib/features/random_user/data/datasources/local/random_user_local_data_source_impl.dart
DA:8,14
DA:9,7
DA:11,14
DA:13,7
DA:14,7
DA:19,0
DA:23,0
DA:24,0
DA:28,7
DA:29,7
DA:30,7
DA:31,7
DA:33,7
DA:38,0
DA:39,0
DA:42,0
DA:44,0
DA:47,0
DA:52,0
DA:53,0
DA:54,0
DA:55,0
DA:57,0
DA:58,0
DA:60,0
DA:65,0
DA:66,0
DA:68,0
DA:73,0
DA:74,0
DA:76,0
DA:80,0
DA:82,0
DA:86,0
DA:88,0
DA:90,0
DA:91,0
DA:92,0
DA:93,0
DA:101,0
DA:105,0
DA:107,0
DA:109,0
DA:110,0
DA:112,0
DA:114,0
DA:115,0
DA:116,0
DA:118,0
DA:119,0
DA:121,0
DA:125,0
DA:126,0
DA:128,0
DA:132,0
DA:133,0
DA:135,0
DA:138,0
DA:142,0
DA:146,0
LF:60
LH:10
end_of_record
SF:lib/features/random_user/data/datasources/local/random_user_local_data_source_provider.dart
DA:4,14
DA:5,14
DA:6,7
LF:3
LH:3
end_of_record
SF:lib/features/random_user/data/http/http_client_impl.dart
DA:9,13
DA:11,5
DA:19,5
DA:20,10
DA:25,10
DA:26,5
DA:29,5
DA:31,1
DA:35,5
DA:39,20
DA:40,10
DA:43,3
DA:45,4
DA:48,0
LF:14
LH:13
end_of_record
SF:lib/features/random_user/data/http/http_client_provider.dart
DA:5,28
DA:6,7
DA:7,7
LF:3
LH:3
end_of_record
SF:lib/features/random_user/data/models/user_model.dart
DA:4,10
DA:12,9
DA:22,0
DA:23,0
DA:24,0
DA:25,0
DA:26,0
DA:27,0
DA:28,0
DA:29,0
DA:30,0
LF:11
LH:2
end_of_record
SF:lib/features/random_user/domain/entities/user/user.dart
DA:19,10
DA:29,0
DA:30,0
DA:31,0
DA:32,0
DA:33,0
DA:34,0
DA:35,0
DA:36,0
DA:37,0
DA:40,5
DA:43,0
DA:44,0
DA:45,0
DA:46,0
DA:47,0
DA:48,0
DA:49,0
DA:50,0
DA:51,0
DA:53,0
DA:55,0
DA:56,0
DA:57,0
DA:58,0
DA:59,0
DA:60,0
DA:61,0
LF:28
LH:2
end_of_record
SF:lib/features/random_user/domain/entities/user/picture.dart
DA:9,9
DA:15,9
DA:16,9
DA:17,9
DA:18,9
DA:19,9
DA:23,0
DA:25,0
DA:26,0
DA:27,0
DA:28,0
LF:11
LH:6
end_of_record
SF:lib/features/random_user/domain/entities/user/username.dart
DA:9,9
DA:15,9
DA:16,9
DA:17,9
DA:18,9
DA:19,9
DA:23,0
DA:25,0
DA:26,0
DA:27,0
DA:28,0
LF:11
LH:6
end_of_record
SF:lib/features/random_user/domain/entities/user/location.dart
DA:10,9
DA:17,9
DA:18,9
DA:19,9
DA:20,9
DA:21,9
DA:22,9
DA:26,0
DA:28,0
DA:29,0
DA:30,0
DA:31,0
DA:32,0
LF:13
LH:7
end_of_record
SF:lib/features/random_user/data/repositories/random_user_repository_impl.dart
DA:9,9
DA:15,2
DA:17,4
DA:20,4
DA:21,4
DA:22,4
DA:23,2
DA:26,4
DA:27,0
DA:28,0
DA:33,2
DA:35,3
DA:36,2
DA:37,1
DA:38,2
DA:43,4
DA:45,8
DA:48,4
DA:49,4
DA:50,4
DA:51,1
DA:52,2
DA:56,2
DA:57,2
DA:58,1
DA:59,2
LF:26
LH:24
end_of_record
SF:lib/features/random_user/domain/entities/email.dart
DA:8,0
DA:14,0
DA:15,0
DA:16,0
DA:17,0
DA:19,0
DA:20,0
DA:21,0
LF:8
LH:0
end_of_record
SF:lib/features/random_user/domain/entities/random_user.dart
DA:4,7
DA:12,7
LF:2
LH:2
end_of_record
SF:lib/features/random_user/domain/repositories/user_repository_provider.dart
DA:5,12
DA:6,12
DA:7,12
DA:9,18
DA:10,12
DA:11,12
DA:12,6
LF:7
LH:7
end_of_record
SF:lib/features/random_user/domain/usecases/makecall/make_call_usecase_impl.dart
DA:7,0
DA:9,0
DA:10,0
DA:13,0
DA:14,0
DA:16,0
DA:19,0
LF:7
LH:0
end_of_record
SF:lib/features/random_user/domain/usecases/makecall/make_call_usecase_provider.dart
DA:4,4
DA:5,1
LF:2
LH:2
end_of_record
SF:lib/features/random_user/domain/usecases/randomuser/get_list_of_random_users.dart
DA:8,4
DA:10,2
DA:11,4
LF:3
LH:3
end_of_record
SF:lib/features/random_user/domain/usecases/randomuser/get_list_of_random_users_provider.dart
DA:4,8
DA:5,4
DA:6,2
LF:3
LH:3
end_of_record
SF:lib/features/random_user/domain/usecases/randomuser/get_random_user.dart
DA:8,5
DA:10,4
DA:11,8
LF:3
LH:3
end_of_record
SF:lib/features/random_user/domain/usecases/randomuser/get_random_user_provider.dart
DA:4,12
DA:5,6
DA:6,3
LF:3
LH:3
end_of_record
SF:lib/features/random_user/domain/usecases/sendemail/send_email_usecase_impl.dart
DA:7,0
DA:9,0
DA:11,0
DA:12,0
DA:13,0
DA:14,0
DA:18,0
DA:21,0
DA:22,0
DA:24,0
DA:27,0
LF:11
LH:0
end_of_record
SF:lib/features/random_user/domain/usecases/sendemail/send_email_usecase_provider.dart
DA:4,4
DA:5,1
LF:2
LH:2
end_of_record
SF:lib/features/random_user/presentation/pages/detail_page.dart
DA:6,0
DA:10,0
DA:12,0
DA:13,0
DA:14,0
DA:16,0
DA:17,0
DA:18,0
DA:19,0
DA:20,0
DA:23,0
DA:24,0
DA:26,0
DA:27,0
DA:29,0
LF:15
LH:0
end_of_record
SF:lib/features/random_user/presentation/pages/error_page.dart
DA:6,22
DA:8,0
DA:10,0
DA:12,0
DA:13,0
DA:19,0
DA:20,0
DA:21,0
LF:8
LH:1
end_of_record
SF:lib/features/random_user/presentation/pages/home_page.dart
DA:7,23
DA:9,1
DA:11,2
DA:12,1
DA:13,1
DA:14,1
DA:15,1
DA:16,1
DA:20,1
DA:21,1
DA:23,0
DA:24,0
DA:32,1
DA:34,1
DA:36,1
DA:39,1
DA:44,0
DA:46,0
DA:51,0
DA:54,1
DA:56,0
DA:57,0
DA:59,0
DA:60,0
DA:66,1
LF:25
LH:16
end_of_record
SF:lib/features/random_user/presentation/pages/list_of_users_page.dart
DA:8,22
DA:10,0
DA:12,0
DA:13,0
DA:14,0
DA:15,0
DA:16,0
DA:17,0
DA:18,0
DA:22,0
DA:23,0
DA:24,0
DA:26,0
DA:27,0
DA:35,0
DA:37,0
DA:38,0
DA:40,0
DA:43,0
DA:45,0
DA:46,0
DA:47,0
DA:48,0
DA:49,0
DA:50,0
DA:51,0
DA:52,0
DA:54,0
DA:55,0
DA:59,0
DA:61,0
DA:63,0
DA:64,0
LF:33
LH:1
end_of_record
SF:lib/features/random_user/presentation/providers/displayinfo/display_info_notifier.dart
DA:4,0
DA:6,0
DA:7,0
LF:3
LH:0
end_of_record
SF:lib/features/random_user/presentation/providers/displayinfo/display_info_provider.dart
DA:4,0
DA:5,0
DA:6,0
DA:8,0
DA:9,0
LF:5
LH:0
end_of_record
SF:lib/features/random_user/presentation/providers/list_random_user/list_random_user_notifier.dart
DA:5,2
DA:6,2
DA:10,1
DA:11,1
DA:12,2
DA:13,2
DA:14,0
DA:16,0
DA:18,2
LF:9
LH:7
end_of_record
SF:lib/features/random_user/presentation/providers/list_random_user/list_random_user_provider.dart
DA:4,2
DA:5,2
DA:6,2
DA:7,1
LF:4
LH:4
end_of_record
SF:lib/features/random_user/presentation/providers/list_random_user/list_random_user_state.dart
DA:9,24
DA:15,1
DA:16,4
LF:3
LH:3
end_of_record
SF:lib/features/random_user/presentation/providers/makecall/make_call_notifier.dart
DA:5,0
DA:9,0
DA:10,0
DA:12,0
DA:13,0
DA:14,0
DA:16,0
LF:7
LH:0
end_of_record
SF:lib/features/random_user/presentation/providers/makecall/make_call_state.dart
DA:5,0
LF:1
LH:0
end_of_record
SF:lib/features/random_user/presentation/providers/makecall/make_call_provider.dart
DA:4,0
DA:5,0
DA:6,0
DA:7,0
LF:4
LH:0
end_of_record
SF:lib/features/random_user/presentation/providers/sendemail/send_email_notifier.dart
DA:5,0
DA:9,0
DA:10,0
DA:11,0
DA:12,0
DA:13,0
DA:15,0
LF:7
LH:0
end_of_record
SF:lib/features/random_user/presentation/providers/sendemail/send_email_state.dart
DA:5,0
LF:1
LH:0
end_of_record
SF:lib/features/random_user/presentation/providers/sendemail/send_email_provider.dart
DA:4,0
DA:5,0
DA:6,0
DA:7,0
LF:4
LH:0
end_of_record
SF:lib/features/random_user/presentation/providers/single_random_user/single_random_user_notifier.dart
DA:5,3
DA:6,3
DA:7,3
DA:12,3
DA:13,3
DA:14,6
DA:16,2
DA:17,2
DA:19,1
DA:21,2
LF:10
LH:10
end_of_record
SF:lib/features/random_user/presentation/providers/single_random_user/single_random_user_provider.dart
DA:4,4
DA:5,2
DA:6,2
DA:7,4
DA:8,2
LF:5
LH:5
end_of_record
SF:lib/features/random_user/presentation/providers/single_random_user/single_random_user_state.dart
DA:9,24
DA:15,0
DA:16,0
LF:3
LH:1
end_of_record
SF:lib/features/random_user/presentation/utils/helpers.dart
DA:9,0
DA:11,0
DA:17,0
DA:18,0
DA:19,0
DA:21,0
DA:23,0
DA:24,0
DA:30,0
DA:31,0
DA:32,0
DA:35,0
DA:36,0
DA:37,0
DA:39,0
DA:40,0
DA:41,0
DA:43,0
DA:44,0
DA:45,0
DA:46,0
DA:51,0
DA:60,0
DA:61,0
DA:62,0
DA:63,0
DA:69,1
DA:70,1
DA:71,1
DA:73,0
DA:75,0
DA:77,0
DA:79,0
LF:33
LH:3
end_of_record
SF:lib/features/random_user/presentation/widgets/body_info_detail.dart
DA:5,0
DA:12,0
DA:20,0
DA:22,0
DA:24,0
DA:26,0
DA:27,0
DA:28,0
DA:31,0
DA:34,0
DA:35,0
DA:36,0
DA:37,0
DA:39,0
DA:40,0
DA:41,0
DA:43,0
DA:44,0
DA:45,0
DA:46,0
DA:47,0
DA:48,0
DA:49,0
LF:23
LH:0
end_of_record
SF:lib/features/random_user/presentation/widgets/detail_page_body.dart
DA:7,0
DA:10,0
DA:12,0
DA:13,0
DA:14,0
DA:15,0
DA:16,0
DA:17,0
DA:19,0
DA:21,0
DA:23,0
DA:24,0
DA:25,0
DA:29,0
DA:31,0
DA:34,0
DA:36,0
DA:37,0
DA:38,0
DA:45,0
DA:48,0
DA:49,0
DA:51,0
DA:54,0
DA:56,0
DA:57,0
DA:58,0
DA:62,0
DA:64,0
DA:67,0
DA:68,0
DA:70,0
DA:73,0
DA:76,0
DA:77,0
DA:79,0
DA:81,0
DA:83,0
DA:86,0
LF:39
LH:0
end_of_record
SF:lib/features/random_user/presentation/widgets/detail_page_header.dart
DA:5,0
DA:9,0
DA:11,0
DA:12,0
DA:13,0
DA:14,0
DA:15,0
DA:16,0
DA:17,0
DA:18,0
DA:19,0
LF:11
LH:0
end_of_record
SF:lib/features/random_user/presentation/widgets/display_message.dart
DA:4,22
DA:7,0
DA:11,0
DA:13,0
DA:14,0
DA:15,0
DA:16,0
DA:17,0
LF:8
LH:1
end_of_record
SF:lib/features/random_user/presentation/widgets/display_user_image.dart
DA:6,0
DA:17,0
DA:19,0
DA:20,0
DA:21,0
DA:24,0
DA:31,0
DA:32,0
DA:33,0
DA:36,0
DA:37,0
DA:38,0
LF:12
LH:0
end_of_record
SF:lib/features/random_user/presentation/widgets/display_username.dart
DA:5,0
DA:14,0
DA:16,0
DA:17,0
DA:18,0
LF:5
LH:0
end_of_record
SF:lib/features/random_user/presentation/widgets/user_card.dart
DA:8,0
DA:11,0
DA:14,0
DA:16,0
DA:17,0
DA:19,0
DA:21,0
DA:22,0
DA:23,0
DA:24,0
DA:27,0
DA:29,0
DA:30,0
DA:31,0
DA:33,0
DA:35,0
DA:38,0
DA:39,0
DA:41,0
DA:43,0
DA:46,0
DA:48,0
DA:50,0
DA:53,0
DA:54,0
DA:56,0
DA:57,0
DA:58,0
DA:60,0
DA:61,0
DA:63,0
DA:68,0
DA:69,0
DA:71,0
DA:73,0
DA:74,0
DA:78,0
DA:79,0
DA:81,0
DA:83,0
DA:85,0
DA:86,0
DA:90,0
DA:91,0
DA:93,0
DA:95,0
DA:97,0
DA:98,0
DA:102,0
DA:103,0
DA:105,0
DA:107,0
DA:108,0
LF:53
LH:0
end_of_record
SF:lib/features/random_user/presentation/widgets/user_icon_action.dart
DA:5,0
DA:9,0
DA:14,0
DA:16,0
DA:17,0
DA:18,0
DA:19,0
LF:7
LH:0
end_of_record
